[backblue.gif]
[fade.gif]
[index.html]
[hakolab.site/wedding/assets/img/favicon.jpg]
[cdn.jsdelivr.net/npm/bootstrap@5.3.2/dist/css/bootstrap.min.css]
[unpkg.com/aos@2.3.1/dist/aos.css]
[cdnjs.cloudflare.com/ajax/libs/lightbox2/2.11.4/css/lightbox.min.css]
[cdnjs.cloudflare.com/ajax/libs/font-awesome/6.5.1/css/all.min.css]
[hakolab.site/wedding/assets/audio/wedding.mp3]
[hakolab.site/wedding/assets/audio/door.mp3]
[hakolab.site/wedding/assets/img/door-left.png]
[hakolab.site/wedding/assets/img/door-right.png]
[hakolab.site/wedding/assets/img/sparkle.gif]
[hakolab.site/wedding/assets/img/wedding.jpg]
[hakolab.site/wedding/assets/img/timeline/timeline-1.jpg]
[hakolab.site/wedding/assets/img/timeline/timeline-2.jpg]
[hakolab.site/wedding/assets/img/timeline/timeline-3.jpg]
[hakolab.site/wedding/assets/img/timeline/timeline-4.jpg]
[hakolab.site/wedding/assets/img/timeline/timeline-5.jpg]
[hakolab.site/wedding/assets/img/timeline/timeline-6.jpg]
[hakolab.site/wedding/assets/img/timeline/timeline-7.jpg]
[hakolab.site/wedding/assets/img/gallery/1.jpg]
[hakolab.site/wedding/assets/img/gallery/2.jpg]
[hakolab.site/wedding/assets/img/gallery/3.jpg]
[hakolab.site/wedding/assets/img/gallery/4.jpg]
[hakolab.site/wedding/assets/img/gallery/5.jpg]
[hakolab.site/wedding/assets/img/gallery/6.jpg]
[hakolab.site/wedding/assets/img/gallery/7.jpg]
[hakolab.site/wedding/assets/img/gallery/8.jpg]
[hakolab.site/wedding/assets/img/gallery/9.jpg]
[hakolab.site/wedding/assets/img/gallery/10.jpg]
[hakolab.site/wedding/assets/img/gallery/11.jpg]
[hakolab.site/wedding/assets/img/gallery/12.jpg]
[hakolab.site/wedding/assets/img/gallery/13.jpg]
[hakolab.site/wedding/assets/img/gallery/14.jpg]
[hakolab.site/wedding/assets/img/gallery/15.jpg]
[hakolab.site/wedding/assets/img/gallery/16.jpg]
[hakolab.site/wedding/assets/img/card/logo-bca.png]
[hakolab.site/wedding/assets/img/card/sim.png]
[hakolab.site/wedding/assets/img/card/logo-shopee.png]
[wedding-nobita-dan-shizuka.disqus.com/embed.js]
[code.jquery.com/jquery-3.7.1.min.js]
[cdn.jsdelivr.net/npm/bootstrap@5.3.2/dist/js/bootstrap.bundle.min.js]
[unpkg.com/aos@2.3.1/dist/aos.js]
[cdnjs.cloudflare.com/ajax/libs/lightbox2/2.11.4/js/lightbox.min.js]
[cdn.jsdelivr.net/npm/sweetalert2@11.10.3/dist/sweetalert2.all.min.js]
[cdn.jsdelivr.net/npm/masonry-layout@4.2.2/dist/masonry.pkgd.min.js]
[hakolab.site/wedding/assets/js/script.js]
[wedding-nobita-dan-shizuka.disqus.com/count.js]
[hakolab.site/wedding/index5ddc.html]
[cdn.jsdelivr.net/npm/bootstrap@5.3.2/dist/css/bootstrap.min.css]
[unpkg.com/aos@2.3.1/dist/aos.css]
[cdnjs.cloudflare.com/ajax/libs/lightbox2/2.11.4/css/lightbox.min.css]
[cdnjs.cloudflare.com/ajax/libs/font-awesome/6.5.1/css/all.min.css]
[cdnjs.cloudflare.com/ajax/libs/lightbox2/2.11.4/images/loading.gif]
[hakolab.site/wedding/assets/img/foto-pengantin.jpg]
[hakolab.site/wedding/assets/img/penutup.jpg]
[hakolab.site/wedding/assets/css/style.css]
